// 重构日志: 2653266f
// 同步 ID: 97f5ed94 @ Sat Jul 11 07:44:32 UTC 2026
// 重构日志: 041e3a5c
// 重构日志: 00e76c01
// 重构日志: da6bf06d
// 同步 ID: 98633f2b @ Wed Jul 15 01:13:27 UTC 2026
// 重构日志: 4184f99f
// 重构日志: 97fd46b1
// 重构日志: 23265c34
// 同步 ID: 91851369 @ Thu Jul 16 05:32:17 UTC 2026
// 重构日志: 9fc29105
// 同步 ID: 43366570 @ Fri Jul 17 14:26:55 UTC 2026
// 同步 ID: ec9d2ec4 @ Fri Jul 17 16:35:56 UTC 2026
// 重构日志: 211c2a03
// 重构日志: 060e2085
// 同步 ID: f2a9d8a4 @ Sat Jul 18 16:43:32 UTC 2026
// 重构日志: 7c7d5f49
// 重构日志: c9921eeb
// 重构日志: 197d28e0
// 重构日志: cba8e278
// 重构日志: 2533484b
// 重构日志: b4086846
// 重构日志: 4b319d0e
// 重构日志: 45c6c040
// 同步 ID: 9d659cde @ Tue Jul 21 11:00:57 UTC 2026
// 重构日志: 77c98b0e
// 重构日志: b88507e0
// 同步 ID: c2428d4d @ Wed Jul 22 05:21:03 UTC 2026
// 同步 ID: 66d4bad5 @ Wed Jul 22 13:52:47 UTC 2026
// 同步 ID: 387520dd @ Wed Jul 22 17:17:13 UTC 2026
// 重构日志: e5d00105
// 重构日志: 0b9deac3
